
  .   ____          _            __ _ _
 /\\ / ___'_ __ _ _(_)_ __  __ _ \ \ \ \
( ( )\___ | '_ | '_| | '_ \/ _` | \ \ \ \
 \\/  ___)| |_)| | | | | || (_| |  ) ) ) )
  '  |____| .__|_| |_|_| |_\__, | / / / /
 =========|_|==============|___/=/_/_/_/

 :: Spring Boot ::                (v3.4.9)

20251029 14:52:06.280 [main] INFO c.g.b.BackendPlantComunityApplication - Starting BackendPlantComunityApplication v0.0.1-SNAPSHOT using Java 17.0.15 with PID 3244 (D:\01-STUDY\dev\team\backend_plant_comunity\build\libs\backend_plant_comunity-0.0.1-SNAPSHOT.jar started by GRS in D:\01-STUDY\dev\team\backend_plant_comunity) 
20251029 14:52:06.282 [main] INFO c.g.b.BackendPlantComunityApplication - No active profile set, falling back to 1 default profile: "default" 
20251029 14:52:07.056 [main] INFO o.s.b.w.e.t.TomcatWebServer - Tomcat initialized with port 8080 (http) 
20251029 14:52:07.065 [main] INFO o.a.c.h.Http11NioProtocol - Initializing ProtocolHandler ["http-nio-0.0.0.0-8080"] 
20251029 14:52:07.066 [main] INFO o.a.c.c.StandardService - Starting service [Tomcat] 
20251029 14:52:07.066 [main] INFO o.a.c.c.StandardEngine - Starting Servlet engine: [Apache Tomcat/10.1.44] 
20251029 14:52:07.093 [main] INFO o.a.c.c.C.[.[.[/] - Initializing Spring embedded WebApplicationContext 
20251029 14:52:07.094 [main] INFO o.s.b.w.s.c.ServletWebServerApplicationContext - Root WebApplicationContext: initialization completed in 779 ms 
20251029 14:52:07.771 [main] INFO o.s.m.s.b.SimpleBrokerMessageHandler - Starting... 
20251029 14:52:07.772 [main] INFO o.s.m.s.b.SimpleBrokerMessageHandler - BrokerAvailabilityEvent[available=true, SimpleBrokerMessageHandler [org.springframework.messaging.simp.broker.DefaultSubscriptionRegistry@643ecfef]] 
20251029 14:52:07.773 [main] INFO o.s.m.s.b.SimpleBrokerMessageHandler - Started. 
20251029 14:52:07.773 [main] INFO o.a.c.h.Http11NioProtocol - Starting ProtocolHandler ["http-nio-0.0.0.0-8080"] 
20251029 14:52:07.795 [main] INFO o.s.b.w.e.t.TomcatWebServer - Tomcat started on port 8080 (http) with context path '/' 
20251029 14:52:07.809 [main] INFO c.g.b.BackendPlantComunityApplication - Started BackendPlantComunityApplication in 1.767 seconds (process running for 2.169) 
20251029 14:53:07.788 [MessageBroker-1] INFO o.s.w.s.c.WebSocketMessageBrokerStats - WebSocketSession[0 current WS(0)-HttpStream(0)-HttpPoll(0), 0 total, 0 closed abnormally (0 connect failure, 0 send limit, 0 transport error)], stompSubProtocol[processed CONNECT(0)-CONNECTED(0)-DISCONNECT(0)], stompBrokerRelay[null], inboundChannel[pool size = 0, active threads = 0, queued tasks = 0, completed tasks = 0], outboundChannel[pool size = 0, active threads = 0, queued tasks = 0, completed tasks = 0], sockJsScheduler[pool size = 2, active threads = 1, queued tasks = 1, completed tasks = 0] 
이미지 정리 작업 실행D:\01-STUDY\dev\team\upload\
20251029 15:00:00.032 [MessageBroker-2] INFO c.z.h.HikariDataSource - HikariPool-1 - Starting... 
20251029 15:00:00.085 [MessageBroker-2] INFO c.z.h.p.PoolBase - HikariPool-1 - Driver does not support get/set network timeout for connections. (Receiver class net.sf.log4jdbc.sql.jdbcapi.ConnectionSpy does not define or inherit an implementation of the resolved method 'abstract int getNetworkTimeout()' of interface java.sql.Connection.) 
20251029 15:00:00.089 [MessageBroker-2] INFO c.z.h.p.HikariPool - HikariPool-1 - Added connection net.sf.log4jdbc.sql.jdbcapi.ConnectionSpy@7801096c 
20251029 15:00:00.090 [MessageBroker-2] INFO c.z.h.HikariDataSource - HikariPool-1 - Start completed. 
20251029 15:00:00.097 [MessageBroker-2] DEBUG j.sqltiming -  com.zaxxer.hikari.pool.ProxyPreparedStatement.execute(ProxyPreparedStatement.java:44)
1. SELECT
                IMG_NUM
                , ORIGIN_IMG_NAME
                , ATTACHED_IMG_NAME
                , IMG_URL
                , USED
        FROM BOARD_IMG
        WHERE USED = FALSE
 {executed in 0 msec} 
20251029 15:00:00.103 [MessageBroker-2] INFO j.resultsettable - 
|--------|----------------|------------------|--------|-----|
|img_num |origin_img_name |attached_img_name |img_url |used |
|--------|----------------|------------------|--------|-----|
|--------|----------------|------------------|--------|-----|
 
삭제 대상 : 0개
정리 완료 0개
